<?xml version="1.0" encoding="UTF-8"?>
<!-- Generated by org.testng.reporters.JUnitReportReporter -->
<testsuite hostname="EGY-Mhamed" failures="0" tests="2" name="Test.RegisterationWithDataFaker" time="9.603" errors="0" timestamp="2024-03-02T17:07:23 EET" skipped="0">
  <testcase classname="Test.RegisterationWithDataFaker" name="RegisteredUserCanLogout" time="5.419"/>
  <system-out/>
  <testcase classname="Test.RegisterationWithDataFaker" name="UserCanRegisterSuccssfully" time="4.184"/>
  <system-out/>
</testsuite> <!-- Test.RegisterationWithDataFaker -->
